android/build/intermediates/manifest_merge_blame_file/debug/processDebugMainManifest/manifest-merger-blame-debug-report.txt
1<?xml version="1.0" encoding="utf-8"?>
2<manifest xmlns:android="http://schemas.android.com/apk/res/android"
3    package="com.mygdx.game"
4    android:versionCode="1"
5    android:versionName="1.0" >
6
7    <uses-sdk
8        android:minSdkVersion="19"
9        android:targetSdkVersion="35" />
10
11    <uses-feature
11-->BootcampMerged\android\AndroidManifest.xml:5:5-78
12        android:glEsVersion="0x00020000"
12-->BootcampMerged\android\AndroidManifest.xml:5:19-51
13        android:required="true" />
13-->BootcampMerged\android\AndroidManifest.xml:5:52-75
14
15    <application
15-->BootcampMerged\android\AndroidManifest.xml:7:5-27:19
16        android:allowBackup="true"
16-->BootcampMerged\android\AndroidManifest.xml:8:9-35
17        android:appCategory="game"
17-->BootcampMerged\android\AndroidManifest.xml:12:9-35
18        android:debuggable="true"
19        android:extractNativeLibs="true"
20        android:fullBackupContent="true"
20-->BootcampMerged\android\AndroidManifest.xml:9:9-41
21        android:icon="@drawable/ic_launcher"
21-->BootcampMerged\android\AndroidManifest.xml:10:9-45
22        android:isGame="true"
22-->BootcampMerged\android\AndroidManifest.xml:11:9-30
23        android:label="@string/app_name"
23-->BootcampMerged\android\AndroidManifest.xml:13:9-41
24        android:testOnly="true"
25        android:theme="@style/AppTheme" >
25-->BootcampMerged\android\AndroidManifest.xml:14:9-40
26        <activity
26-->BootcampMerged\android\AndroidManifest.xml:16:9-26:20
27            android:name="com.mygdx.game.AndroidLauncher"
27-->BootcampMerged\android\AndroidManifest.xml:17:13-58
28            android:configChanges="keyboard|keyboardHidden|navigation|orientation|screenSize|screenLayout"
28-->BootcampMerged\android\AndroidManifest.xml:20:13-107
29            android:exported="true"
29-->BootcampMerged\android\AndroidManifest.xml:21:13-36
30            android:label="@string/app_name"
30-->BootcampMerged\android\AndroidManifest.xml:18:13-45
31            android:screenOrientation="landscape" >
31-->BootcampMerged\android\AndroidManifest.xml:19:13-50
32            <intent-filter>
32-->BootcampMerged\android\AndroidManifest.xml:22:13-25:29
33                <action android:name="android.intent.action.MAIN" />
33-->BootcampMerged\android\AndroidManifest.xml:23:17-69
33-->BootcampMerged\android\AndroidManifest.xml:23:25-66
34
35                <category android:name="android.intent.category.LAUNCHER" />
35-->BootcampMerged\android\AndroidManifest.xml:24:17-77
35-->BootcampMerged\android\AndroidManifest.xml:24:27-74
36            </intent-filter>
37        </activity>
38    </application>
39
40</manifest>